<?xml version="1.0" encoding="UTF-8"?>
<!-- Generated by org.testng.reporters.JUnitReportReporter -->
<testsuite hostname="DESKTOP-9ETLQV3" failures="0" tests="1" name="tests.A02_StaticWait_spec" time="5.180" errors="0" timestamp="2025-10-29T16:04:49 EET" skipped="0">
  <testcase classname="tests.A02_StaticWait_spec" name="staticWait" time="5.180"/>
</testsuite> <!-- tests.A02_StaticWait_spec -->
