<?xml version="1.0" encoding="UTF-8"?>
<!-- Generated by org.testng.reporters.JUnitReportReporter -->
<testsuite hostname="DESKTOP-9ETLQV3" failures="0" tests="1" name="tests.A20_8_FillingTheForm_spec" time="4.612" errors="0" timestamp="2025-10-29T16:13:57 EET" skipped="0">
  <testcase classname="tests.A20_8_FillingTheForm_spec" name="finalTestView" time="4.612"/>
</testsuite> <!-- tests.A20_8_FillingTheForm_spec -->
