<?xml version="1.0" encoding="UTF-8"?>
<!-- Generated by org.testng.reporters.JUnitReportReporter -->
<testsuite hostname="DESKTOP-9ETLQV3" failures="0" tests="3" name="tests.A25_2_ClassAnotationsExample_spec" time="11.289" errors="0" timestamp="2025-10-29T17:45:09 EET" skipped="0">
  <testcase classname="tests.A25_2_ClassAnotationsExample_spec" name="textExample2" time="3.593"/>
  <testcase classname="tests.A25_2_ClassAnotationsExample_spec" name="textExample1" time="3.633"/>
  <testcase classname="tests.A25_2_ClassAnotationsExample_spec" name="textExample3" time="4.063"/>
</testsuite> <!-- tests.A25_2_ClassAnotationsExample_spec -->
