<?xml version="1.0" encoding="UTF-8"?>
<!-- Generated by org.testng.reporters.JUnitReportReporter -->
<testsuite hostname="DESKTOP-9ETLQV3" failures="0" tests="1" name="tests.A01_StructureOfAutomationTest_spec" time="0.166" errors="0" timestamp="2025-10-29T14:28:21 EET" skipped="0">
  <testcase classname="tests.A01_StructureOfAutomationTest_spec" name="searchUsingGoogle" time="0.166"/>
</testsuite> <!-- tests.A01_StructureOfAutomationTest_spec -->
